-- The C compiler identification is GNU 7.5.0
-- The CXX compiler identification is GNU 7.5.0
-- Check for working C compiler: /usr/bin/cc
-- Check for working C compiler: /usr/bin/cc -- works
-- Detecting C compiler ABI info
-- Detecting C compiler ABI info - done
-- Detecting C compile features
-- Detecting C compile features - done
-- Check for working CXX compiler: /usr/bin/c++
-- Check for working CXX compiler: /usr/bin/c++ -- works
-- Detecting CXX compiler ABI info
-- Detecting CXX compiler ABI info - done
-- Detecting CXX compile features
-- Detecting CXX compile features - done
-- Found ament_cmake: 0.8.3 (/opt/ros/eloquent/share/ament_cmake/cmake)
-- Found PythonInterp: /usr/bin/python3 (found suitable version "3.6.9", minimum required is "3") 
-- Using PYTHON_EXECUTABLE: /usr/bin/python3
-- Found rclcpp: 0.8.5 (/opt/ros/eloquent/share/rclcpp/cmake)
-- Found rosidl_adapter: 0.8.3 (/opt/ros/eloquent/share/rosidl_adapter/cmake)
-- Found rmw_implementation_cmake: 0.8.1 (/opt/ros/eloquent/share/rmw_implementation_cmake/cmake)
-- Using RMW implementation 'rmw_fastrtps_cpp' as default
-- Looking for pthread.h
-- Looking for pthread.h - found
-- Looking for pthread_create
-- Looking for pthread_create - not found
-- Looking for pthread_create in pthreads
-- Looking for pthread_create in pthreads - not found
-- Looking for pthread_create in pthread
-- Looking for pthread_create in pthread - found
-- Found Threads: TRUE  
-- Found std_msgs: 0.8.1 (/opt/ros/eloquent/share/std_msgs/cmake)
-- Found example_interfaces: 0.7.1 (/opt/ros/eloquent/share/example_interfaces/cmake)
-- Configuring done
-- Generating done
-- Build files have been written to: /home/emanuele/ros2_ws/src/my_cpp_pkg/build/my_cpp_pkg
[35m[1mScanning dependencies of target robot_news_station[0m
[35m[1mScanning dependencies of target add_two_ints_client_no_oop[0m
[35m[1mScanning dependencies of target number_publisher[0m
[35m[1mScanning dependencies of target add_two_ints_server[0m
[35m[1mScanning dependencies of target cpp_node[0m
[35m[1mScanning dependencies of target number_counter[0m
[  6%] [32mBuilding CXX object CMakeFiles/add_two_ints_server.dir/src/add_two_ints_server.cpp.o[0m
[ 12%] [32mBuilding CXX object CMakeFiles/add_two_ints_client_no_oop.dir/src/add_two_ints_client_no_oop.cpp.o[0m
[ 18%] [32mBuilding CXX object CMakeFiles/cpp_node.dir/src/my_first_node.cpp.o[0m
[ 25%] [32mBuilding CXX object CMakeFiles/number_publisher.dir/src/number_publisher.cpp.o[0m
[ 31%] [32mBuilding CXX object CMakeFiles/robot_news_station.dir/src/robot_news_station.cpp.o[0m
[ 37%] [32mBuilding CXX object CMakeFiles/number_counter.dir/src/number_counter.cpp.o[0m
[ 43%] [32m[1mLinking CXX executable cpp_node[0m
[ 43%] Built target cpp_node
[35m[1mScanning dependencies of target add_two_ints_client[0m
[ 50%] [32mBuilding CXX object CMakeFiles/add_two_ints_client.dir/src/add_two_ints_client.cpp.o[0m
[ 56%] [32m[1mLinking CXX executable add_two_ints_server[0m
[ 56%] Built target add_two_ints_server
[35m[1mScanning dependencies of target smartphone[0m
[ 62%] [32mBuilding CXX object CMakeFiles/smartphone.dir/src/smartphone.cpp.o[0m
[ 68%] [32m[1mLinking CXX executable add_two_ints_client_no_oop[0m
[ 68%] Built target add_two_ints_client_no_oop
[ 75%] [32m[1mLinking CXX executable number_publisher[0m
[ 75%] Built target number_publisher
[ 81%] [32m[1mLinking CXX executable robot_news_station[0m
[ 81%] Built target robot_news_station
[ 87%] [32m[1mLinking CXX executable number_counter[0m
[ 87%] Built target number_counter
[ 93%] [32m[1mLinking CXX executable add_two_ints_client[0m
[ 93%] Built target add_two_ints_client
[100%] [32m[1mLinking CXX executable smartphone[0m
[100%] Built target smartphone
[ 12%] Built target number_publisher
[ 25%] Built target number_counter
[ 37%] Built target add_two_ints_client_no_oop
[ 50%] Built target add_two_ints_server
[ 62%] Built target cpp_node
[ 75%] Built target robot_news_station
[ 87%] Built target add_two_ints_client
[100%] Built target smartphone
[36mInstall the project...[0m
-- Install configuration: ""
-- Installing: /home/emanuele/ros2_ws/src/my_cpp_pkg/install/my_cpp_pkg/lib/my_cpp_pkg/cpp_node
-- Set runtime path of "/home/emanuele/ros2_ws/src/my_cpp_pkg/install/my_cpp_pkg/lib/my_cpp_pkg/cpp_node" to ""
-- Installing: /home/emanuele/ros2_ws/src/my_cpp_pkg/install/my_cpp_pkg/lib/my_cpp_pkg/robot_news_station
-- Set runtime path of "/home/emanuele/ros2_ws/src/my_cpp_pkg/install/my_cpp_pkg/lib/my_cpp_pkg/robot_news_station" to ""
-- Installing: /home/emanuele/ros2_ws/src/my_cpp_pkg/install/my_cpp_pkg/lib/my_cpp_pkg/smartphone
-- Set runtime path of "/home/emanuele/ros2_ws/src/my_cpp_pkg/install/my_cpp_pkg/lib/my_cpp_pkg/smartphone" to ""
-- Installing: /home/emanuele/ros2_ws/src/my_cpp_pkg/install/my_cpp_pkg/lib/my_cpp_pkg/number_counter
-- Set runtime path of "/home/emanuele/ros2_ws/src/my_cpp_pkg/install/my_cpp_pkg/lib/my_cpp_pkg/number_counter" to ""
-- Installing: /home/emanuele/ros2_ws/src/my_cpp_pkg/install/my_cpp_pkg/lib/my_cpp_pkg/number_publisher
-- Set runtime path of "/home/emanuele/ros2_ws/src/my_cpp_pkg/install/my_cpp_pkg/lib/my_cpp_pkg/number_publisher" to ""
-- Installing: /home/emanuele/ros2_ws/src/my_cpp_pkg/install/my_cpp_pkg/lib/my_cpp_pkg/add_two_ints_server
-- Set runtime path of "/home/emanuele/ros2_ws/src/my_cpp_pkg/install/my_cpp_pkg/lib/my_cpp_pkg/add_two_ints_server" to ""
-- Installing: /home/emanuele/ros2_ws/src/my_cpp_pkg/install/my_cpp_pkg/lib/my_cpp_pkg/add_two_ints_client_no_oop
-- Set runtime path of "/home/emanuele/ros2_ws/src/my_cpp_pkg/install/my_cpp_pkg/lib/my_cpp_pkg/add_two_ints_client_no_oop" to ""
-- Installing: /home/emanuele/ros2_ws/src/my_cpp_pkg/install/my_cpp_pkg/lib/my_cpp_pkg/add_two_ints_client
-- Set runtime path of "/home/emanuele/ros2_ws/src/my_cpp_pkg/install/my_cpp_pkg/lib/my_cpp_pkg/add_two_ints_client" to ""
-- Installing: /home/emanuele/ros2_ws/src/my_cpp_pkg/install/my_cpp_pkg/share/ament_index/resource_index/package_run_dependencies/my_cpp_pkg
-- Installing: /home/emanuele/ros2_ws/src/my_cpp_pkg/install/my_cpp_pkg/share/ament_index/resource_index/parent_prefix_path/my_cpp_pkg
-- Installing: /home/emanuele/ros2_ws/src/my_cpp_pkg/install/my_cpp_pkg/share/my_cpp_pkg/environment/ament_prefix_path.sh
-- Installing: /home/emanuele/ros2_ws/src/my_cpp_pkg/install/my_cpp_pkg/share/my_cpp_pkg/environment/ament_prefix_path.dsv
-- Installing: /home/emanuele/ros2_ws/src/my_cpp_pkg/install/my_cpp_pkg/share/my_cpp_pkg/environment/path.sh
-- Installing: /home/emanuele/ros2_ws/src/my_cpp_pkg/install/my_cpp_pkg/share/my_cpp_pkg/environment/path.dsv
-- Installing: /home/emanuele/ros2_ws/src/my_cpp_pkg/install/my_cpp_pkg/share/my_cpp_pkg/local_setup.bash
-- Installing: /home/emanuele/ros2_ws/src/my_cpp_pkg/install/my_cpp_pkg/share/my_cpp_pkg/local_setup.sh
-- Installing: /home/emanuele/ros2_ws/src/my_cpp_pkg/install/my_cpp_pkg/share/my_cpp_pkg/local_setup.zsh
-- Installing: /home/emanuele/ros2_ws/src/my_cpp_pkg/install/my_cpp_pkg/share/my_cpp_pkg/local_setup.dsv
-- Installing: /home/emanuele/ros2_ws/src/my_cpp_pkg/install/my_cpp_pkg/share/my_cpp_pkg/package.dsv
-- Installing: /home/emanuele/ros2_ws/src/my_cpp_pkg/install/my_cpp_pkg/share/ament_index/resource_index/packages/my_cpp_pkg
-- Installing: /home/emanuele/ros2_ws/src/my_cpp_pkg/install/my_cpp_pkg/share/my_cpp_pkg/cmake/my_cpp_pkgConfig.cmake
-- Installing: /home/emanuele/ros2_ws/src/my_cpp_pkg/install/my_cpp_pkg/share/my_cpp_pkg/cmake/my_cpp_pkgConfig-version.cmake
-- Installing: /home/emanuele/ros2_ws/src/my_cpp_pkg/install/my_cpp_pkg/share/my_cpp_pkg/package.xml
