[0.186s] DEBUG:colcon:Command line arguments: ['/usr/bin/colcon', 'build']
[0.187s] DEBUG:colcon:Parsed command line arguments: Namespace(ament_cmake_args=None, base_paths=['.'], build_base='build', catkin_cmake_args=None, catkin_skip_building_tests=False, cmake_args=None, cmake_clean_cache=False, cmake_clean_first=False, cmake_force_configure=False, cmake_target=None, cmake_target_skip_unavailable=False, continue_on_error=False, event_handlers=None, executor='parallel', ignore_user_meta=False, install_base='install', log_base=None, log_level=None, main=<bound method BuildVerb.main of <colcon_core.verb.build.BuildVerb object at 0x7f324ccfeb70>>, merge_install=False, metas=['./colcon.meta'], packages_above=None, packages_above_and_dependencies=None, packages_above_depth=None, packages_end=None, packages_ignore=None, packages_ignore_regex=None, packages_select=None, packages_select_build_failed=False, packages_select_by_dep=None, packages_select_regex=None, packages_select_test_failures=False, packages_skip=None, packages_skip_build_finished=False, packages_skip_by_dep=None, packages_skip_regex=None, packages_skip_test_passed=False, packages_skip_up_to=None, packages_start=None, packages_up_to=None, packages_up_to_regex=None, parallel_workers=6, paths=None, symlink_install=False, test_result_base=None, verb_extension=<colcon_core.verb.build.BuildVerb object at 0x7f324ccfeb70>, verb_name='build', verb_parser=<colcon_defaults.argument_parser.defaults.DefaultArgumentsDecorator object at 0x7f324ccfeeb8>)
[0.194s] Level 1:colcon.colcon_core.package_discovery:discover_packages(colcon_meta) check parameters
[0.195s] Level 1:colcon.colcon_core.package_discovery:discover_packages(recursive) check parameters
[0.195s] Level 1:colcon.colcon_core.package_discovery:discover_packages(ignore) check parameters
[0.195s] Level 1:colcon.colcon_core.package_discovery:discover_packages(path) check parameters
[0.195s] Level 1:colcon.colcon_core.package_discovery:discover_packages(colcon_meta) discover
[0.195s] Level 1:colcon.colcon_core.package_discovery:discover_packages(recursive) discover
[0.195s] INFO:colcon.colcon_core.package_discovery:Crawling recursively for packages in '/home/emanuele/ros2_ws/src/my_cpp_pkg'
[0.196s] Level 1:colcon.colcon_core.package_identification:_identify(.) by extensions ['ignore', 'ignore_ament_install']
[0.196s] Level 1:colcon.colcon_core.package_identification:_identify(.) by extension 'ignore'
[0.196s] Level 1:colcon.colcon_core.package_identification:_identify(.) by extension 'ignore_ament_install'
[0.196s] Level 1:colcon.colcon_core.package_identification:_identify(.) by extensions ['colcon_pkg']
[0.196s] Level 1:colcon.colcon_core.package_identification:_identify(.) by extension 'colcon_pkg'
[0.196s] Level 1:colcon.colcon_core.package_identification:_identify(.) by extensions ['colcon_meta']
[0.197s] Level 1:colcon.colcon_core.package_identification:_identify(.) by extension 'colcon_meta'
[0.197s] Level 1:colcon.colcon_core.package_identification:_identify(.) by extensions ['ros']
[0.197s] Level 1:colcon.colcon_core.package_identification:_identify(.) by extension 'ros'
[0.214s] DEBUG:colcon.colcon_core.package_identification:Package '.' with type 'ros.ament_cmake' and name 'my_cpp_pkg'
[0.214s] Level 1:colcon.colcon_core.package_discovery:discover_packages(recursive) using defaults
[0.214s] Level 1:colcon.colcon_core.package_discovery:discover_packages(ignore) discover
[0.214s] Level 1:colcon.colcon_core.package_discovery:discover_packages(ignore) using defaults
[0.214s] Level 1:colcon.colcon_core.package_discovery:discover_packages(path) discover
[0.214s] Level 1:colcon.colcon_core.package_discovery:discover_packages(path) using defaults
[0.237s] Level 5:colcon.colcon_core.verb:set package 'my_cpp_pkg' build argument 'cmake_args' from command line to 'None'
[0.237s] Level 5:colcon.colcon_core.verb:set package 'my_cpp_pkg' build argument 'cmake_target' from command line to 'None'
[0.237s] Level 5:colcon.colcon_core.verb:set package 'my_cpp_pkg' build argument 'cmake_target_skip_unavailable' from command line to 'False'
[0.237s] Level 5:colcon.colcon_core.verb:set package 'my_cpp_pkg' build argument 'cmake_clean_cache' from command line to 'False'
[0.237s] Level 5:colcon.colcon_core.verb:set package 'my_cpp_pkg' build argument 'cmake_clean_first' from command line to 'False'
[0.237s] Level 5:colcon.colcon_core.verb:set package 'my_cpp_pkg' build argument 'cmake_force_configure' from command line to 'False'
[0.237s] Level 5:colcon.colcon_core.verb:set package 'my_cpp_pkg' build argument 'ament_cmake_args' from command line to 'None'
[0.237s] Level 5:colcon.colcon_core.verb:set package 'my_cpp_pkg' build argument 'catkin_cmake_args' from command line to 'None'
[0.237s] Level 5:colcon.colcon_core.verb:set package 'my_cpp_pkg' build argument 'catkin_skip_building_tests' from command line to 'False'
[0.237s] DEBUG:colcon.colcon_core.verb:Building package 'my_cpp_pkg' with the following arguments: {'ament_cmake_args': None, 'build_base': '/home/emanuele/ros2_ws/src/my_cpp_pkg/build/my_cpp_pkg', 'catkin_cmake_args': None, 'catkin_skip_building_tests': False, 'cmake_args': None, 'cmake_clean_cache': False, 'cmake_clean_first': False, 'cmake_force_configure': False, 'cmake_target': None, 'cmake_target_skip_unavailable': False, 'install_base': '/home/emanuele/ros2_ws/src/my_cpp_pkg/install/my_cpp_pkg', 'merge_install': False, 'path': '/home/emanuele/ros2_ws/src/my_cpp_pkg', 'symlink_install': False, 'test_result_base': None}
[0.238s] INFO:colcon.colcon_core.executor:Executing jobs using 'parallel' executor
[0.240s] DEBUG:colcon.colcon_parallel_executor.executor.parallel:run_until_complete
[0.240s] INFO:colcon.colcon_ros.task.ament_cmake.build:Building ROS package in '/home/emanuele/ros2_ws/src/my_cpp_pkg' with build type 'ament_cmake'
[0.241s] INFO:colcon.colcon_cmake.task.cmake.build:Building CMake package in '/home/emanuele/ros2_ws/src/my_cpp_pkg'
[0.245s] INFO:colcon.colcon_core.plugin_system:Skipping extension 'colcon_core.shell.bat': Not used on non-Windows systems
[0.245s] INFO:colcon.colcon_core.shell:Skip shell extension 'powershell' for command environment: Not usable outside of PowerShell
[0.246s] DEBUG:colcon.colcon_core.shell:Skip shell extension 'dsv' for command environment
[0.250s] DEBUG:colcon.colcon_core.shell:Ignoring prefix path '/opt/ros/eloquent'
[0.263s] DEBUG:colcon.colcon_core.event_handler.log_command:Invoking command in '/home/emanuele/ros2_ws/src/my_cpp_pkg/build/my_cpp_pkg': CMAKE_PREFIX_PATH=${CMAKE_PREFIX_PATH}:/home/emanuele/ros2_ws/install/my_py_pkg:/opt/ros/eloquent /usr/bin/cmake /home/emanuele/ros2_ws/src/my_cpp_pkg -DCMAKE_INSTALL_PREFIX=/home/emanuele/ros2_ws/src/my_cpp_pkg/install/my_cpp_pkg
[2.430s] DEBUG:colcon.colcon_core.event_handler.log_command:Invoked command in '/home/emanuele/ros2_ws/src/my_cpp_pkg/build/my_cpp_pkg' returned '0': CMAKE_PREFIX_PATH=${CMAKE_PREFIX_PATH}:/home/emanuele/ros2_ws/install/my_py_pkg:/opt/ros/eloquent /usr/bin/cmake /home/emanuele/ros2_ws/src/my_cpp_pkg -DCMAKE_INSTALL_PREFIX=/home/emanuele/ros2_ws/src/my_cpp_pkg/install/my_cpp_pkg
[2.432s] DEBUG:colcon.colcon_core.event_handler.log_command:Invoking command in '/home/emanuele/ros2_ws/src/my_cpp_pkg/build/my_cpp_pkg': CMAKE_PREFIX_PATH=${CMAKE_PREFIX_PATH}:/home/emanuele/ros2_ws/install/my_py_pkg:/opt/ros/eloquent /usr/bin/cmake --build /home/emanuele/ros2_ws/src/my_cpp_pkg/build/my_cpp_pkg -- -j6 -l6
[11.504s] DEBUG:colcon.colcon_core.event_handler.log_command:Invoked command in '/home/emanuele/ros2_ws/src/my_cpp_pkg/build/my_cpp_pkg' returned '0': CMAKE_PREFIX_PATH=${CMAKE_PREFIX_PATH}:/home/emanuele/ros2_ws/install/my_py_pkg:/opt/ros/eloquent /usr/bin/cmake --build /home/emanuele/ros2_ws/src/my_cpp_pkg/build/my_cpp_pkg -- -j6 -l6
[11.567s] DEBUG:colcon.colcon_core.event_handler.log_command:Invoking command in '/home/emanuele/ros2_ws/src/my_cpp_pkg/build/my_cpp_pkg': CMAKE_PREFIX_PATH=${CMAKE_PREFIX_PATH}:/home/emanuele/ros2_ws/install/my_py_pkg:/opt/ros/eloquent /usr/bin/cmake --build /home/emanuele/ros2_ws/src/my_cpp_pkg/build/my_cpp_pkg --target install -- -j6 -l6
[11.731s] Level 1:colcon.colcon_core.environment:create_environment_scripts_only(my_cpp_pkg)
[11.733s] DEBUG:colcon.colcon_core.event_handler.log_command:Invoked command in '/home/emanuele/ros2_ws/src/my_cpp_pkg/build/my_cpp_pkg' returned '0': CMAKE_PREFIX_PATH=${CMAKE_PREFIX_PATH}:/home/emanuele/ros2_ws/install/my_py_pkg:/opt/ros/eloquent /usr/bin/cmake --build /home/emanuele/ros2_ws/src/my_cpp_pkg/build/my_cpp_pkg --target install -- -j6 -l6
[11.737s] Level 1:colcon.colcon_core.environment:checking '/home/emanuele/ros2_ws/src/my_cpp_pkg/install/my_cpp_pkg' for CMake module files
[11.738s] Level 1:colcon.colcon_core.environment:checking '/home/emanuele/ros2_ws/src/my_cpp_pkg/install/my_cpp_pkg' for CMake config files
[11.738s] Level 1:colcon.colcon_core.shell:create_environment_hook('my_cpp_pkg', 'cmake_prefix_path')
[11.739s] INFO:colcon.colcon_core.shell:Creating environment hook '/home/emanuele/ros2_ws/src/my_cpp_pkg/install/my_cpp_pkg/share/my_cpp_pkg/hook/cmake_prefix_path.ps1'
[11.740s] INFO:colcon.colcon_core.shell:Creating environment descriptor '/home/emanuele/ros2_ws/src/my_cpp_pkg/install/my_cpp_pkg/share/my_cpp_pkg/hook/cmake_prefix_path.dsv'
[11.740s] INFO:colcon.colcon_core.shell:Creating environment hook '/home/emanuele/ros2_ws/src/my_cpp_pkg/install/my_cpp_pkg/share/my_cpp_pkg/hook/cmake_prefix_path.sh'
[11.742s] Level 1:colcon.colcon_core.environment:checking '/home/emanuele/ros2_ws/src/my_cpp_pkg/install/my_cpp_pkg/lib'
[11.742s] Level 1:colcon.colcon_core.environment:checking '/home/emanuele/ros2_ws/src/my_cpp_pkg/install/my_cpp_pkg/bin'
[11.742s] Level 1:colcon.colcon_core.environment:checking '/home/emanuele/ros2_ws/src/my_cpp_pkg/install/my_cpp_pkg/lib/pkgconfig/my_cpp_pkg.pc'
[11.743s] Level 1:colcon.colcon_core.environment:checking '/home/emanuele/ros2_ws/src/my_cpp_pkg/install/my_cpp_pkg/lib/python3.6/site-packages'
[11.743s] INFO:colcon.colcon_core.shell:Creating package script '/home/emanuele/ros2_ws/src/my_cpp_pkg/install/my_cpp_pkg/share/my_cpp_pkg/package.ps1'
[11.744s] INFO:colcon.colcon_core.shell:Creating package descriptor '/home/emanuele/ros2_ws/src/my_cpp_pkg/install/my_cpp_pkg/share/my_cpp_pkg/package.dsv'
[11.745s] INFO:colcon.colcon_core.shell:Creating package script '/home/emanuele/ros2_ws/src/my_cpp_pkg/install/my_cpp_pkg/share/my_cpp_pkg/package.sh'
[11.746s] INFO:colcon.colcon_core.shell:Creating package script '/home/emanuele/ros2_ws/src/my_cpp_pkg/install/my_cpp_pkg/share/my_cpp_pkg/package.bash'
[11.747s] INFO:colcon.colcon_core.shell:Creating package script '/home/emanuele/ros2_ws/src/my_cpp_pkg/install/my_cpp_pkg/share/my_cpp_pkg/package.zsh'
[11.751s] Level 1:colcon.colcon_core.environment:create_file_with_runtime_dependencies(/home/emanuele/ros2_ws/src/my_cpp_pkg/install/my_cpp_pkg/share/colcon-core/packages/my_cpp_pkg)
[11.813s] Level 1:colcon.colcon_core.environment:create_environment_scripts_only(my_cpp_pkg)
[11.814s] Level 1:colcon.colcon_core.environment:checking '/home/emanuele/ros2_ws/src/my_cpp_pkg/install/my_cpp_pkg' for CMake module files
[11.815s] Level 1:colcon.colcon_core.environment:checking '/home/emanuele/ros2_ws/src/my_cpp_pkg/install/my_cpp_pkg' for CMake config files
[11.815s] Level 1:colcon.colcon_core.shell:create_environment_hook('my_cpp_pkg', 'cmake_prefix_path')
[11.816s] INFO:colcon.colcon_core.shell:Creating environment hook '/home/emanuele/ros2_ws/src/my_cpp_pkg/install/my_cpp_pkg/share/my_cpp_pkg/hook/cmake_prefix_path.ps1'
[11.817s] INFO:colcon.colcon_core.shell:Creating environment descriptor '/home/emanuele/ros2_ws/src/my_cpp_pkg/install/my_cpp_pkg/share/my_cpp_pkg/hook/cmake_prefix_path.dsv'
[11.817s] INFO:colcon.colcon_core.shell:Creating environment hook '/home/emanuele/ros2_ws/src/my_cpp_pkg/install/my_cpp_pkg/share/my_cpp_pkg/hook/cmake_prefix_path.sh'
[11.819s] Level 1:colcon.colcon_core.environment:checking '/home/emanuele/ros2_ws/src/my_cpp_pkg/install/my_cpp_pkg/lib'
[11.819s] Level 1:colcon.colcon_core.environment:checking '/home/emanuele/ros2_ws/src/my_cpp_pkg/install/my_cpp_pkg/bin'
[11.819s] Level 1:colcon.colcon_core.environment:checking '/home/emanuele/ros2_ws/src/my_cpp_pkg/install/my_cpp_pkg/lib/pkgconfig/my_cpp_pkg.pc'
[11.819s] Level 1:colcon.colcon_core.environment:checking '/home/emanuele/ros2_ws/src/my_cpp_pkg/install/my_cpp_pkg/lib/python3.6/site-packages'
[11.820s] INFO:colcon.colcon_core.shell:Creating package script '/home/emanuele/ros2_ws/src/my_cpp_pkg/install/my_cpp_pkg/share/my_cpp_pkg/package.ps1'
[11.820s] INFO:colcon.colcon_core.shell:Creating package descriptor '/home/emanuele/ros2_ws/src/my_cpp_pkg/install/my_cpp_pkg/share/my_cpp_pkg/package.dsv'
[11.821s] INFO:colcon.colcon_core.shell:Creating package script '/home/emanuele/ros2_ws/src/my_cpp_pkg/install/my_cpp_pkg/share/my_cpp_pkg/package.sh'
[11.821s] INFO:colcon.colcon_core.shell:Creating package script '/home/emanuele/ros2_ws/src/my_cpp_pkg/install/my_cpp_pkg/share/my_cpp_pkg/package.bash'
[11.822s] INFO:colcon.colcon_core.shell:Creating package script '/home/emanuele/ros2_ws/src/my_cpp_pkg/install/my_cpp_pkg/share/my_cpp_pkg/package.zsh'
[11.822s] Level 1:colcon.colcon_core.environment:create_file_with_runtime_dependencies(/home/emanuele/ros2_ws/src/my_cpp_pkg/install/my_cpp_pkg/share/colcon-core/packages/my_cpp_pkg)
[11.823s] DEBUG:colcon.colcon_parallel_executor.executor.parallel:closing loop
[11.824s] DEBUG:colcon.colcon_parallel_executor.executor.parallel:loop closed
[11.824s] DEBUG:colcon.colcon_parallel_executor.executor.parallel:run_until_complete finished with '0'
[11.824s] DEBUG:colcon.colcon_core.event_reactor:joining thread
[11.848s] INFO:colcon.colcon_core.plugin_system:Skipping extension 'colcon_notification.desktop_notification.terminal_notifier': Not used on non-Darwin systems
[11.848s] INFO:colcon.colcon_core.plugin_system:Skipping extension 'colcon_notification.desktop_notification.win32': Not used on non-Windows systems
[11.848s] INFO:colcon.colcon_notification.desktop_notification:Sending desktop notification using 'notify2'
[11.852s] DEBUG:colcon.colcon_core.event_reactor:joined thread
[11.853s] INFO:colcon.colcon_core.shell:Creating prefix script '/home/emanuele/ros2_ws/src/my_cpp_pkg/install/local_setup.ps1'
[11.855s] INFO:colcon.colcon_core.shell:Creating prefix util module '/home/emanuele/ros2_ws/src/my_cpp_pkg/install/_local_setup_util_ps1.py'
[11.858s] INFO:colcon.colcon_core.shell:Creating prefix chain script '/home/emanuele/ros2_ws/src/my_cpp_pkg/install/setup.ps1'
[11.864s] INFO:colcon.colcon_core.shell:Creating prefix script '/home/emanuele/ros2_ws/src/my_cpp_pkg/install/local_setup.sh'
[11.865s] INFO:colcon.colcon_core.shell:Creating prefix util module '/home/emanuele/ros2_ws/src/my_cpp_pkg/install/_local_setup_util_sh.py'
[11.866s] INFO:colcon.colcon_core.shell:Creating prefix chain script '/home/emanuele/ros2_ws/src/my_cpp_pkg/install/setup.sh'
[11.869s] INFO:colcon.colcon_core.shell:Creating prefix script '/home/emanuele/ros2_ws/src/my_cpp_pkg/install/local_setup.bash'
[11.870s] INFO:colcon.colcon_core.shell:Creating prefix chain script '/home/emanuele/ros2_ws/src/my_cpp_pkg/install/setup.bash'
[11.873s] INFO:colcon.colcon_core.shell:Creating prefix script '/home/emanuele/ros2_ws/src/my_cpp_pkg/install/local_setup.zsh'
[11.874s] INFO:colcon.colcon_core.shell:Creating prefix chain script '/home/emanuele/ros2_ws/src/my_cpp_pkg/install/setup.zsh'
